Logfile initialized
[INFO] logfile = /Users/williamschurman/programming/Titanium/TheRisingSun/build.log
[DEBUG] /Library/Application Support/Titanium/mobilesdk/osx/1.7.2/android/builder.py simulator TheRisingSun /Users/williamschurman/programming/android-sdk-mac_x86 /Users/williamschurman/programming/Titanium/TheRisingSun com.thesun.therisingsun 5 HVGA 
[INFO] Building TheRisingSun for Android ... one moment
[INFO] Titanium SDK version: 1.7.2 (07/21/11 09:36 97c3689)
[DEBUG] Waiting for device to be ready ...
[TRACE] adb devices returned 1 devices/emulators
[TRACE] adb devices returned 1 devices/emulators
[TRACE] adb devices returned 1 devices/emulators
[TRACE] adb devices returned 1 devices/emulators
[TRACE] adb devices returned 1 devices/emulators
[TRACE] adb devices returned 1 devices/emulators
[TRACE] adb devices returned 1 devices/emulators
[DEBUG] Device connected... (waited 30 seconds)
[DEBUG] waited 30.188778 seconds on emulator to get ready
[INFO] Waiting for the Android Emulator to become available
[DEBUG] com.thesun.therisingsun installed? True
[INFO] Fastdev server running, deploying in Fastdev mode
[INFO] Copying project resources..
[TRACE] COPYING MODIFIED FILE: /Users/williamschurman/programming/Titanium/TheRisingSun/Resources/app.js => /Users/williamschurman/programming/Titanium/TheRisingSun/build/android/bin/assets/Resources/app.js
[TRACE] COPYING MODIFIED FILE: /Users/williamschurman/programming/Titanium/TheRisingSun/Resources/article.js => /Users/williamschurman/programming/Titanium/TheRisingSun/build/android/bin/assets/Resources/article.js
[TRACE] COPYING MODIFIED FILE: /Users/williamschurman/programming/Titanium/TheRisingSun/Resources/food.js => /Users/williamschurman/programming/Titanium/TheRisingSun/build/android/bin/assets/Resources/food.js
[TRACE] COPYING MODIFIED FILE: /Users/williamschurman/programming/Titanium/TheRisingSun/Resources/mapRoute_ios.js => /Users/williamschurman/programming/Titanium/TheRisingSun/build/android/bin/assets/Resources/mapRoute_ios.js
[TRACE] COPYING MODIFIED FILE: /Users/williamschurman/programming/Titanium/TheRisingSun/Resources/sun.js => /Users/williamschurman/programming/Titanium/TheRisingSun/build/android/bin/assets/Resources/sun.js
[TRACE] COPYING MODIFIED FILE: /Users/williamschurman/programming/Titanium/TheRisingSun/Resources/tcat.js => /Users/williamschurman/programming/Titanium/TheRisingSun/build/android/bin/assets/Resources/tcat.js
[TRACE] COPYING MODIFIED FILE: /Users/williamschurman/programming/Titanium/TheRisingSun/Resources/textRoute.js => /Users/williamschurman/programming/Titanium/TheRisingSun/build/android/bin/assets/Resources/textRoute.js
[TRACE] COPYING MODIFIED FILE: /Users/williamschurman/programming/Titanium/TheRisingSun/Resources/textRoute_ios.js => /Users/williamschurman/programming/Titanium/TheRisingSun/build/android/bin/assets/Resources/textRoute_ios.js
[INFO] Tiapp.xml unchanged, skipping class generation
[DEBUG] Processing Android resource drawables
[DEBUG] found drawable-long-land-hdpi splash screen at /Users/williamschurman/programming/Titanium/TheRisingSun/Resources/android/images/res-long-land-hdpi/default.png
[DEBUG] found drawable-long-land-ldpi splash screen at /Users/williamschurman/programming/Titanium/TheRisingSun/Resources/android/images/res-long-land-ldpi/default.png
[DEBUG] found drawable-long-port-hdpi splash screen at /Users/williamschurman/programming/Titanium/TheRisingSun/Resources/android/images/res-long-port-hdpi/default.png
[DEBUG] found drawable-long-port-ldpi splash screen at /Users/williamschurman/programming/Titanium/TheRisingSun/Resources/android/images/res-long-port-ldpi/default.png
[DEBUG] found drawable-notlong-land-hdpi splash screen at /Users/williamschurman/programming/Titanium/TheRisingSun/Resources/android/images/res-notlong-land-hdpi/default.png
[DEBUG] found drawable-notlong-land-ldpi splash screen at /Users/williamschurman/programming/Titanium/TheRisingSun/Resources/android/images/res-notlong-land-ldpi/default.png
[DEBUG] found drawable-notlong-land-mdpi splash screen at /Users/williamschurman/programming/Titanium/TheRisingSun/Resources/android/images/res-notlong-land-mdpi/default.png
[DEBUG] found drawable-notlong-port-hdpi splash screen at /Users/williamschurman/programming/Titanium/TheRisingSun/Resources/android/images/res-notlong-port-hdpi/default.png
[DEBUG] found drawable-notlong-port-ldpi splash screen at /Users/williamschurman/programming/Titanium/TheRisingSun/Resources/android/images/res-notlong-port-ldpi/default.png
[INFO] Waiting for SDCard to become available..
[INFO] Re-launching application ... TheRisingSun
[INFO] Launching application ... TheRisingSun
[TRACE] Launch output: Starting: Intent { act=android.intent.action.MAIN cat=[android.intent.category.LAUNCHER] cmp=com.thesun.therisingsun/.TherisingsunActivity }

[INFO] Android Emulator has exited
